Using pre-set license
Built from '2021.3/staging' branch; Version is '2021.3.15f1 (e8e88683f834) revision 15263878'; Using compiler version '192829333'; Build Type 'Release'
OS: 'Windows 11  (10.0.22621) 64bit Core' Language: 'en' Physical Memory: 7971 MB
BatchMode: 1, IsHumanControllingUs: 0, StartBugReporterOnCrash: 0, Is64bit: 1, IsPro: 1

COMMAND LINE ARGUMENTS:
C:\Program Files\Unity\Hub\Editor\2021.3.15f1\Editor\Unity.exe
-adb2
-batchMode
-noUpm
-name
AssetImportWorker2
-projectPath
C:/Users/Tati Fernandez/OneDrive/Documents/GitHub/holbertonschool-unity/ARBusinessCard
-logFile
Logs/AssetImportWorker2.log
-srvPort
59656
Successfully changed project path to: C:/Users/Tati Fernandez/OneDrive/Documents/GitHub/holbertonschool-unity/ARBusinessCard
C:/Users/Tati Fernandez/OneDrive/Documents/GitHub/holbertonschool-unity/ARBusinessCard
[UnityMemory] Configuration Parameters - Can be set up in boot.config
    "memorysetup-bucket-allocator-granularity=16"
    "memorysetup-bucket-allocator-bucket-count=8"
    "memorysetup-bucket-allocator-block-size=33554432"
    "memorysetup-bucket-allocator-block-count=8"
    "memorysetup-main-allocator-block-size=16777216"
    "memorysetup-thread-allocator-block-size=16777216"
    "memorysetup-gfx-main-allocator-block-size=16777216"
    "memorysetup-gfx-thread-allocator-block-size=16777216"
    "memorysetup-cache-allocator-block-size=4194304"
    "memorysetup-typetree-allocator-block-size=2097152"
    "memorysetup-profiler-bucket-allocator-granularity=16"
    "memorysetup-profiler-bucket-allocator-bucket-count=8"
    "memorysetup-profiler-bucket-allocator-block-size=33554432"
    "memorysetup-profiler-bucket-allocator-block-count=8"
    "memorysetup-profiler-allocator-block-size=16777216"
    "memorysetup-profiler-editor-allocator-block-size=1048576"
    "memorysetup-temp-allocator-size-main=16777216"
    "memorysetup-job-temp-allocator-block-size=2097152"
    "memorysetup-job-temp-allocator-block-size-background=1048576"
    "memorysetup-job-temp-allocator-reduction-small-platforms=262144"
    "memorysetup-temp-allocator-size-background-worker=32768"
    "memorysetup-temp-allocator-size-job-worker=262144"
    "memorysetup-temp-allocator-size-preload-manager=33554432"
    "memorysetup-temp-allocator-size-nav-mesh-worker=65536"
    "memorysetup-temp-allocator-size-audio-worker=65536"
    "memorysetup-temp-allocator-size-cloud-worker=32768"
    "memorysetup-temp-allocator-size-gi-baking-worker=262144"
    "memorysetup-temp-allocator-size-gfx=262144"
Player connection [2780] Host "[IP] 172.17.48.1 [Port] 0 [Flags] 2 [Guid] 2508175405 [EditorId] 2508175405 [Version] 1048832 [Id] WindowsEditor(7,Tati-Nitro) [Debug] 1 [PackageName] WindowsEditor [ProjectName] Editor" joined multi-casting on [225.0.0.222:54997]...

Player connection [2780] Host "[IP] 172.17.48.1 [Port] 0 [Flags] 2 [Guid] 2508175405 [EditorId] 2508175405 [Version] 1048832 [Id] WindowsEditor(7,Tati-Nitro) [Debug] 1 [PackageName] WindowsEditor [ProjectName] Editor" joined alternative multi-casting on [225.0.0.222:34997]...

Refreshing native plugins compatible for Editor in 477.41 ms, found 3 plugins.
Preloading 0 native plugins for Editor in 0.00 ms.
Initialize engine version: 2021.3.15f1 (e8e88683f834)
[Subsystems] Discovering subsystems at path C:/Program Files/Unity/Hub/Editor/2021.3.15f1/Editor/Data/Resources/UnitySubsystems
[Subsystems] Discovering subsystems at path C:/Users/Tati Fernandez/OneDrive/Documents/GitHub/holbertonschool-unity/ARBusinessCard/Assets
GfxDevice: creating device client; threaded=0; jobified=0
Direct3D:
    Version:  Direct3D 11.0 [level 11.1]
    Renderer: NVIDIA GeForce GTX 1650 (ID=0x1f9d)
    Vendor:   NVIDIA
    VRAM:     3950 MB
    Driver:   31.0.15.2756
Initialize mono
Mono path[0] = 'C:/Program Files/Unity/Hub/Editor/2021.3.15f1/Editor/Data/Managed'
Mono path[1] = 'C:/Program Files/Unity/Hub/Editor/2021.3.15f1/Editor/Data/MonoBleedingEdge/lib/mono/unityjit-win32'
Mono config path = 'C:/Program Files/Unity/Hub/Editor/2021.3.15f1/Editor/Data/MonoBleedingEdge/etc'
Using monoOptions --debugger-agent=transport=dt_socket,embedding=1,server=y,suspend=n,address=127.0.0.1:56020
Begin MonoManager ReloadAssembly
Registering precompiled unity dll's ...
Register platform support module: C:/Program Files/Unity/Hub/Editor/2021.3.15f1/Editor/Data/PlaybackEngines/WebGLSupport/UnityEditor.WebGL.Extensions.dll
Register platform support module: C:/Program Files/Unity/Hub/Editor/2021.3.15f1/Editor/Data/PlaybackEngines/MacStandaloneSupport/UnityEditor.OSXStandalone.Extensions.dll
Register platform support module: C:/Program Files/Unity/Hub/Editor/2021.3.15f1/Editor/Data/PlaybackEngines/AndroidPlayer/UnityEditor.Android.Extensions.dll
Register platform support module: C:/Program Files/Unity/Hub/Editor/2021.3.15f1/Editor/Data/PlaybackEngines/iOSSupport/UnityEditor.iOS.Extensions.dll
Register platform support module: C:/Program Files/Unity/Hub/Editor/2021.3.15f1/Editor/Data/PlaybackEngines/WindowsStandaloneSupport/UnityEditor.WindowsStandalone.Extensions.dll
Register platform support module: C:/Program Files/Unity/Hub/Editor/2021.3.15f1/Editor/Data/PlaybackEngines/LinuxStandaloneSupport/UnityEditor.LinuxStandalone.Extensions.dll
Registered in 0.014049 seconds.
Native extension for LinuxStandalone target not found
Native extension for WindowsStandalone target not found
[usbmuxd] Start listen thread
[usbmuxd] Listen thread started
Native extension for iOS target not found
Native extension for Android target not found
Native extension for OSXStandalone target not found
Native extension for WebGL target not found
Refreshing native plugins compatible for Editor in 104.15 ms, found 3 plugins.
Preloading 0 native plugins for Editor in 0.00 ms.
Mono: successfully reloaded assembly
- Completed reload, in  1.658 seconds
Domain Reload Profiling:
	ReloadAssembly (1658ms)
		BeginReloadAssembly (979ms)
			ExecutionOrderSort (0ms)
			DisableScriptedObjects (0ms)
			BackupInstance (0ms)
			ReleaseScriptingObjects (0ms)
			CreateAndSetChildDomain (1ms)
		EndReloadAssembly (563ms)
			LoadAssemblies (982ms)
			RebuildTransferFunctionScriptingTraits (0ms)
			SetupTypeCache (143ms)
			ReleaseScriptCaches (0ms)
			RebuildScriptCaches (28ms)
			SetupLoadedEditorAssemblies (328ms)
				LogAssemblyErrors (0ms)
				InitializePlatformSupportModulesInManaged (83ms)
				SetLoadedEditorAssemblies (2ms)
				RefreshPlugins (104ms)
				BeforeProcessingInitializeOnLoad (2ms)
				ProcessInitializeOnLoadAttributes (89ms)
				ProcessInitializeOnLoadMethodAttributes (48ms)
				AfterProcessingInitializeOnLoad (0ms)
				EditorAssembliesLoaded (0ms)
			ExecutionOrderSort2 (0ms)
			AwakeInstancesAfterBackupRestoration (0ms)
Platform modules already initialized, skipping
Registering precompiled user dll's ...
Registered in 0.046870 seconds.
Android Extension - Scanning For ADB Devices 5015 ms
Begin MonoManager ReloadAssembly
Symbol file LoadedFromMemory doesn't match image C:\Users\Tati Fernandez\OneDrive\Documents\GitHub\holbertonschool-unity\ARBusinessCard\Library\PackageCache\com.unity.visualscripting@1.7.8\Editor\VisualScripting.Core\Dependencies\DotNetZip\Unity.VisualScripting.IonicZip.dll
Symbol file LoadedFromMemory doesn't match image C:\Users\Tati Fernandez\OneDrive\Documents\GitHub\holbertonschool-unity\ARBusinessCard\Library\PackageCache\com.unity.visualscripting@1.7.8\Editor\VisualScripting.Core\Dependencies\YamlDotNet\Unity.VisualScripting.YamlDotNet.dll
Native extension for LinuxStandalone target not found
Native extension for WindowsStandalone target not found
Native extension for iOS target not found
Native extension for Android target not found
Native extension for OSXStandalone target not found
Native extension for WebGL target not found
Refreshing native plugins compatible for Editor in 1.07 ms, found 3 plugins.
Preloading 0 native plugins for Editor in 0.00 ms.
Package Manager log level set to [2]
Mono: successfully reloaded assembly
- Completed reload, in 15.522 seconds
Domain Reload Profiling:
	ReloadAssembly (15523ms)
		BeginReloadAssembly (1728ms)
			ExecutionOrderSort (0ms)
			DisableScriptedObjects (6ms)
			BackupInstance (0ms)
			ReleaseScriptingObjects (0ms)
			CreateAndSetChildDomain (902ms)
		EndReloadAssembly (12960ms)
			LoadAssemblies (7618ms)
			RebuildTransferFunctionScriptingTraits (0ms)
			SetupTypeCache (2150ms)
			ReleaseScriptCaches (1ms)
			RebuildScriptCaches (80ms)
			SetupLoadedEditorAssemblies (2906ms)
				LogAssemblyErrors (0ms)
				InitializePlatformSupportModulesInManaged (40ms)
				SetLoadedEditorAssemblies (0ms)
				RefreshPlugins (1ms)
				BeforeProcessingInitializeOnLoad (429ms)
				ProcessInitializeOnLoadAttributes (1853ms)
				ProcessInitializeOnLoadMethodAttributes (578ms)
				AfterProcessingInitializeOnLoad (5ms)
				EditorAssembliesLoaded (0ms)
			ExecutionOrderSort2 (0ms)
			AwakeInstancesAfterBackupRestoration (364ms)
Platform modules already initialized, skipping
========================================================================
Worker process is ready to serve import requests
Launched and connected shader compiler UnityShaderCompiler.exe after 2.02 seconds
Refreshing native plugins compatible for Editor in 1.48 ms, found 3 plugins.
Preloading 0 native plugins for Editor in 0.00 ms.
Unloading 3998 Unused Serialized files (Serialized files now loaded: 0)
Unloading 65 unused Assets / (57.8 KB). Loaded Objects now: 4433.
Memory consumption went from 137.1 MB to 137.1 MB.
Total: 73.834300 ms (FindLiveObjects: 0.335800 ms CreateObjectMapping: 0.125600 ms MarkObjects: 66.631700 ms  DeleteObjects: 6.739600 ms)

AssetImportParameters requested are different than current active one (requested -> active):
  custom:video-decoder-ogg-theora: a1e56fd34408186e4bbccfd4996cb3dc -> 
  custom:container-muxer-webm: aa71ff27fc2769a1b78a27578f13a17b -> 
  custom:container-demuxer-webm: 4f35f7cbe854078d1ac9338744f61a02 -> 
  custom:video-encoder-webm-vp8: eb34c28f22e8b96e1ab97ce403110664 -> 
  custom:audio-encoder-webm-vorbis: bf7c407c2cedff20999df2af8eb42d56 -> 
  custom:framework-win-MediaFoundation: 216162199b28c13a410421893ffa2e32 -> 
  custom:container-demuxer-ogg: 62fdf1f143b41e24485cea50d1cbac27 -> 
  custom:video-decoder-webm-vp8: 9c59270c3fd7afecdb556c50c9e8de78 -> 
  custom:audio-decoder-ogg-vorbis: bf7c407c2cedff20999df2af8eb42d56 -> 
========================================================================
Received Import Request.
  Time since last request: 23424.145441 seconds.
  path: Assets/ig.png
  artifactKey: Guid(7e7da550d16f8ce4ca67ee77fd5fa33a) Importer(815301076,1909f56bfc062723c751e8b465ee728b)
Start importing Assets/ig.png using Guid(7e7da550d16f8ce4ca67ee77fd5fa33a) Importer(815301076,1909f56bfc062723c751e8b465ee728b)  -> (artifact id: '95f7976ea35418422456682ad67ee1b3') in 1.673302 seconds 
========================================================================
Received Import Request.
  Time since last request: 0.000036 seconds.
  path: Assets/gmail.png
  artifactKey: Guid(f148b2d6412bc104ba2ed1334b216887) Importer(815301076,1909f56bfc062723c751e8b465ee728b)
Start importing Assets/gmail.png using Guid(f148b2d6412bc104ba2ed1334b216887) Importer(815301076,1909f56bfc062723c751e8b465ee728b)  -> (artifact id: '9066c5388074072c045310eaeb14cd86') in 0.104285 seconds 
========================================================================
Received Import Request.
  Time since last request: 4.316246 seconds.
  path: Assets/Scenes/SampleScene.unity
  artifactKey: Guid(9fc0d4010bbf28b4594072e72b8655ab) Importer(815301076,1909f56bfc062723c751e8b465ee728b)
Start importing Assets/Scenes/SampleScene.unity using Guid(9fc0d4010bbf28b4594072e72b8655ab) Importer(815301076,1909f56bfc062723c751e8b465ee728b)  -> (artifact id: '7f7237548ed6f2de80480af0d4c05818') in 0.008500 seconds 
========================================================================
Received Import Request.
  Time since last request: 18.792929 seconds.
  path: Assets/Materials/gh.mat
  artifactKey: Guid(322a5f85f759c0245ab92a81bd04d3a0) Importer(815301076,1909f56bfc062723c751e8b465ee728b)
Start importing Assets/Materials/gh.mat using Guid(322a5f85f759c0245ab92a81bd04d3a0) Importer(815301076,1909f56bfc062723c751e8b465ee728b)  -> (artifact id: 'f26fab5dbcdf635a0d38866d312d9c36') in 0.260928 seconds 
========================================================================
Received Import Request.
  Time since last request: 0.000041 seconds.
  path: Assets/Materials/in.png
  artifactKey: Guid(7c4b0ee7ccbd9e746a337bcdcccfb200) Importer(815301076,1909f56bfc062723c751e8b465ee728b)
Start importing Assets/Materials/in.png using Guid(7c4b0ee7ccbd9e746a337bcdcccfb200) Importer(815301076,1909f56bfc062723c751e8b465ee728b)  -> (artifact id: 'a6ba3848d839c8eaa04a41efb35b16f5') in 0.019843 seconds 
========================================================================
Received Import Request.
  Time since last request: 0.319609 seconds.
  path: Assets/Resources/VuforiaConfiguration.asset
  artifactKey: Guid(93e82235ed28feb4e93d8f8b17a726db) Importer(815301076,1909f56bfc062723c751e8b465ee728b)
Start importing Assets/Resources/VuforiaConfiguration.asset using Guid(93e82235ed28feb4e93d8f8b17a726db) Importer(815301076,1909f56bfc062723c751e8b465ee728b)  -> (artifact id: '34014e79e70c4e7b87327a520e2cd299') in 0.013758 seconds 
========================================================================
Received Import Request.
  Time since last request: 17.435453 seconds.
  path: Assets/Materials/arBCard.png
  artifactKey: Guid(384979bb82123064e83ef5d7eb690786) Importer(815301076,1909f56bfc062723c751e8b465ee728b)
Start importing Assets/Materials/arBCard.png using Guid(384979bb82123064e83ef5d7eb690786) Importer(815301076,1909f56bfc062723c751e8b465ee728b)  -> (artifact id: '2a67195ec9af398940f61dc0a46a6772') in 0.025767 seconds 
========================================================================
Received Import Request.
  Time since last request: 20.680499 seconds.
  path: Assets/Materials/Materials/gh.mat
  artifactKey: Guid(c24ca07102237ed4db647b16b9244bba) Importer(815301076,1909f56bfc062723c751e8b465ee728b)
Start importing Assets/Materials/Materials/gh.mat using Guid(c24ca07102237ed4db647b16b9244bba) Importer(815301076,1909f56bfc062723c751e8b465ee728b)  -> (artifact id: '81363a13d4082d3b412c8cc68ede136b') in 0.263752 seconds 
========================================================================
Received Import Request.
  Time since last request: 0.000036 seconds.
  path: Assets/Materials/Materials/in.mat
  artifactKey: Guid(729ea85f5601b21418e7d2aed7519733) Importer(815301076,1909f56bfc062723c751e8b465ee728b)
Start importing Assets/Materials/Materials/in.mat using Guid(729ea85f5601b21418e7d2aed7519733) Importer(815301076,1909f56bfc062723c751e8b465ee728b)  -> (artifact id: '6a154329f5f4e9918e4d2857f12e5b6b') in 0.040559 seconds 
========================================================================
Received Import Request.
  Time since last request: 16.894249 seconds.
  path: Assets/Materials/Materials
  artifactKey: Guid(1353f137c8b8cd94bbc00e897b3c9f03) Importer(815301076,1909f56bfc062723c751e8b465ee728b)
Start importing Assets/Materials/Materials using Guid(1353f137c8b8cd94bbc00e897b3c9f03) Importer(815301076,1909f56bfc062723c751e8b465ee728b)  -> (artifact id: 'c4d34cfd601e6624c29cc3f0dfeb3e18') in 0.014360 seconds 
========================================================================
Received Import Request.
  Time since last request: 4.664043 seconds.
  path: Assets/Editor/Vuforia/ImageTargetTextures/AR_Card/ffa666d97ab0c121ebb1_scaled.jpg
  artifactKey: Guid(f172a728c0f448df9a60c83f9dad9bf8) Importer(815301076,1909f56bfc062723c751e8b465ee728b)
Start importing Assets/Editor/Vuforia/ImageTargetTextures/AR_Card/ffa666d97ab0c121ebb1_scaled.jpg using Guid(f172a728c0f448df9a60c83f9dad9bf8) Importer(815301076,1909f56bfc062723c751e8b465ee728b)  -> (artifact id: 'e95ebb11baf1e4f963323ceb1c314869') in 0.041773 seconds 
