Using pre-set license
Built from '2021.3/staging' branch; Version is '2021.3.15f1 (e8e88683f834) revision 15263878'; Using compiler version '192829333'; Build Type 'Release'
OS: 'Windows 11  (10.0.22621) 64bit Core' Language: 'en' Physical Memory: 7971 MB
BatchMode: 1, IsHumanControllingUs: 0, StartBugReporterOnCrash: 0, Is64bit: 1, IsPro: 1

COMMAND LINE ARGUMENTS:
C:\Program Files\Unity\Hub\Editor\2021.3.15f1\Editor\Unity.exe
-adb2
-batchMode
-noUpm
-name
AssetImportWorker1
-projectPath
C:/Users/Tati Fernandez/OneDrive/Documents/GitHub/holbertonschool-unity/0x06-unity-assets_ui
-logFile
Logs/AssetImportWorker1.log
-srvPort
57893
Successfully changed project path to: C:/Users/Tati Fernandez/OneDrive/Documents/GitHub/holbertonschool-unity/0x06-unity-assets_ui
C:/Users/Tati Fernandez/OneDrive/Documents/GitHub/holbertonschool-unity/0x06-unity-assets_ui
[UnityMemory] Configuration Parameters - Can be set up in boot.config
    "memorysetup-bucket-allocator-granularity=16"
    "memorysetup-bucket-allocator-bucket-count=8"
    "memorysetup-bucket-allocator-block-size=33554432"
    "memorysetup-bucket-allocator-block-count=8"
    "memorysetup-main-allocator-block-size=16777216"
    "memorysetup-thread-allocator-block-size=16777216"
    "memorysetup-gfx-main-allocator-block-size=16777216"
    "memorysetup-gfx-thread-allocator-block-size=16777216"
    "memorysetup-cache-allocator-block-size=4194304"
    "memorysetup-typetree-allocator-block-size=2097152"
    "memorysetup-profiler-bucket-allocator-granularity=16"
    "memorysetup-profiler-bucket-allocator-bucket-count=8"
    "memorysetup-profiler-bucket-allocator-block-size=33554432"
    "memorysetup-profiler-bucket-allocator-block-count=8"
    "memorysetup-profiler-allocator-block-size=16777216"
    "memorysetup-profiler-editor-allocator-block-size=1048576"
    "memorysetup-temp-allocator-size-main=16777216"
    "memorysetup-job-temp-allocator-block-size=2097152"
    "memorysetup-job-temp-allocator-block-size-background=1048576"
    "memorysetup-job-temp-allocator-reduction-small-platforms=262144"
    "memorysetup-temp-allocator-size-background-worker=32768"
    "memorysetup-temp-allocator-size-job-worker=262144"
    "memorysetup-temp-allocator-size-preload-manager=33554432"
    "memorysetup-temp-allocator-size-nav-mesh-worker=65536"
    "memorysetup-temp-allocator-size-audio-worker=65536"
    "memorysetup-temp-allocator-size-cloud-worker=32768"
    "memorysetup-temp-allocator-size-gi-baking-worker=262144"
    "memorysetup-temp-allocator-size-gfx=262144"
Player connection [43124] Host "[IP] 172.25.224.1 [Port] 0 [Flags] 2 [Guid] 3452378171 [EditorId] 3452378171 [Version] 1048832 [Id] WindowsEditor(7,Tati-Nitro) [Debug] 1 [PackageName] WindowsEditor [ProjectName] Editor" joined multi-casting on [225.0.0.222:54997]...

Player connection [43124] Host "[IP] 172.25.224.1 [Port] 0 [Flags] 2 [Guid] 3452378171 [EditorId] 3452378171 [Version] 1048832 [Id] WindowsEditor(7,Tati-Nitro) [Debug] 1 [PackageName] WindowsEditor [ProjectName] Editor" joined alternative multi-casting on [225.0.0.222:34997]...

Refreshing native plugins compatible for Editor in 105.33 ms, found 3 plugins.
Preloading 0 native plugins for Editor in 0.00 ms.
Initialize engine version: 2021.3.15f1 (e8e88683f834)
[Subsystems] Discovering subsystems at path C:/Program Files/Unity/Hub/Editor/2021.3.15f1/Editor/Data/Resources/UnitySubsystems
[Subsystems] Discovering subsystems at path C:/Users/Tati Fernandez/OneDrive/Documents/GitHub/holbertonschool-unity/0x06-unity-assets_ui/Assets
GfxDevice: creating device client; threaded=0; jobified=0
Direct3D:
    Version:  Direct3D 11.0 [level 11.1]
    Renderer: NVIDIA GeForce GTX 1650 (ID=0x1f9d)
    Vendor:   NVIDIA
    VRAM:     3950 MB
    Driver:   31.0.15.2756
Initialize mono
Mono path[0] = 'C:/Program Files/Unity/Hub/Editor/2021.3.15f1/Editor/Data/Managed'
Mono path[1] = 'C:/Program Files/Unity/Hub/Editor/2021.3.15f1/Editor/Data/MonoBleedingEdge/lib/mono/unityjit-win32'
Mono config path = 'C:/Program Files/Unity/Hub/Editor/2021.3.15f1/Editor/Data/MonoBleedingEdge/etc'
Using monoOptions --debugger-agent=transport=dt_socket,embedding=1,server=y,suspend=n,address=127.0.0.1:56088
Begin MonoManager ReloadAssembly
Registering precompiled unity dll's ...
Register platform support module: C:/Program Files/Unity/Hub/Editor/2021.3.15f1/Editor/Data/PlaybackEngines/WebGLSupport/UnityEditor.WebGL.Extensions.dll
Register platform support module: C:/Program Files/Unity/Hub/Editor/2021.3.15f1/Editor/Data/PlaybackEngines/MacStandaloneSupport/UnityEditor.OSXStandalone.Extensions.dll
Register platform support module: C:/Program Files/Unity/Hub/Editor/2021.3.15f1/Editor/Data/PlaybackEngines/WindowsStandaloneSupport/UnityEditor.WindowsStandalone.Extensions.dll
Register platform support module: C:/Program Files/Unity/Hub/Editor/2021.3.15f1/Editor/Data/PlaybackEngines/LinuxStandaloneSupport/UnityEditor.LinuxStandalone.Extensions.dll
Registered in 0.006849 seconds.
Native extension for LinuxStandalone target not found
Native extension for WindowsStandalone target not found
Native extension for OSXStandalone target not found
Native extension for WebGL target not found
Refreshing native plugins compatible for Editor in 83.66 ms, found 3 plugins.
Preloading 0 native plugins for Editor in 0.00 ms.
Mono: successfully reloaded assembly
- Completed reload, in  0.759 seconds
Domain Reload Profiling:
	ReloadAssembly (760ms)
		BeginReloadAssembly (146ms)
			ExecutionOrderSort (0ms)
			DisableScriptedObjects (0ms)
			BackupInstance (0ms)
			ReleaseScriptingObjects (0ms)
			CreateAndSetChildDomain (1ms)
		EndReloadAssembly (466ms)
			LoadAssemblies (145ms)
			RebuildTransferFunctionScriptingTraits (0ms)
			SetupTypeCache (125ms)
			ReleaseScriptCaches (0ms)
			RebuildScriptCaches (27ms)
			SetupLoadedEditorAssemblies (249ms)
				LogAssemblyErrors (0ms)
				InitializePlatformSupportModulesInManaged (14ms)
				SetLoadedEditorAssemblies (0ms)
				RefreshPlugins (84ms)
				BeforeProcessingInitializeOnLoad (2ms)
				ProcessInitializeOnLoadAttributes (109ms)
				ProcessInitializeOnLoadMethodAttributes (40ms)
				AfterProcessingInitializeOnLoad (0ms)
				EditorAssembliesLoaded (0ms)
			ExecutionOrderSort2 (0ms)
			AwakeInstancesAfterBackupRestoration (0ms)
Platform modules already initialized, skipping
Registering precompiled user dll's ...
Registered in 0.021527 seconds.
Begin MonoManager ReloadAssembly
Symbol file LoadedFromMemory doesn't match image C:\Users\Tati Fernandez\OneDrive\Documents\GitHub\holbertonschool-unity\0x06-unity-assets_ui\Library\PackageCache\com.unity.visualscripting@1.7.8\Editor\VisualScripting.Core\Dependencies\YamlDotNet\Unity.VisualScripting.YamlDotNet.dll
Symbol file LoadedFromMemory doesn't match image C:\Users\Tati Fernandez\OneDrive\Documents\GitHub\holbertonschool-unity\0x06-unity-assets_ui\Library\PackageCache\com.unity.visualscripting@1.7.8\Editor\VisualScripting.Core\Dependencies\DotNetZip\Unity.VisualScripting.IonicZip.dll
Native extension for LinuxStandalone target not found
Native extension for WindowsStandalone target not found
Native extension for OSXStandalone target not found
Native extension for WebGL target not found
Refreshing native plugins compatible for Editor in 0.71 ms, found 3 plugins.
Preloading 0 native plugins for Editor in 0.00 ms.
Mono: successfully reloaded assembly
- Completed reload, in  1.247 seconds
Domain Reload Profiling:
	ReloadAssembly (1248ms)
		BeginReloadAssembly (121ms)
			ExecutionOrderSort (0ms)
			DisableScriptedObjects (5ms)
			BackupInstance (0ms)
			ReleaseScriptingObjects (0ms)
			CreateAndSetChildDomain (28ms)
		EndReloadAssembly (986ms)
			LoadAssemblies (158ms)
			RebuildTransferFunctionScriptingTraits (0ms)
			SetupTypeCache (334ms)
			ReleaseScriptCaches (1ms)
			RebuildScriptCaches (54ms)
			SetupLoadedEditorAssemblies (402ms)
				LogAssemblyErrors (0ms)
				InitializePlatformSupportModulesInManaged (23ms)
				SetLoadedEditorAssemblies (0ms)
				RefreshPlugins (1ms)
				BeforeProcessingInitializeOnLoad (89ms)
				ProcessInitializeOnLoadAttributes (255ms)
				ProcessInitializeOnLoadMethodAttributes (28ms)
				AfterProcessingInitializeOnLoad (6ms)
				EditorAssembliesLoaded (0ms)
			ExecutionOrderSort2 (0ms)
			AwakeInstancesAfterBackupRestoration (7ms)
Platform modules already initialized, skipping
========================================================================
Worker process is ready to serve import requests
Launched and connected shader compiler UnityShaderCompiler.exe after 0.15 seconds
Refreshing native plugins compatible for Editor in 0.84 ms, found 3 plugins.
Preloading 0 native plugins for Editor in 0.00 ms.
Unloading 3378 Unused Serialized files (Serialized files now loaded: 0)
Unloading 27 unused Assets / (113.6 KB). Loaded Objects now: 3839.
Memory consumption went from 117.8 MB to 117.7 MB.
Total: 4.296800 ms (FindLiveObjects: 0.306900 ms CreateObjectMapping: 0.107200 ms MarkObjects: 3.754200 ms  DeleteObjects: 0.126000 ms)

AssetImportParameters requested are different than current active one (requested -> active):
  custom:video-decoder-ogg-theora: a1e56fd34408186e4bbccfd4996cb3dc -> 
  custom:container-muxer-webm: aa71ff27fc2769a1b78a27578f13a17b -> 
  custom:container-demuxer-webm: 4f35f7cbe854078d1ac9338744f61a02 -> 
  custom:video-encoder-webm-vp8: eb34c28f22e8b96e1ab97ce403110664 -> 
  custom:audio-encoder-webm-vorbis: bf7c407c2cedff20999df2af8eb42d56 -> 
  custom:framework-win-MediaFoundation: 216162199b28c13a410421893ffa2e32 -> 
  custom:container-demuxer-ogg: 62fdf1f143b41e24485cea50d1cbac27 -> 
  custom:video-decoder-webm-vp8: 9c59270c3fd7afecdb556c50c9e8de78 -> 
  custom:audio-decoder-ogg-vorbis: bf7c407c2cedff20999df2af8eb42d56 -> 
========================================================================
Received Import Request.
  Time since last request: 1281200.271653 seconds.
  path: Assets/Materials/Skyboxes/Skyboxes/CloudyCrown_03_Midnight/Textures/CloudyCrown_Midnight_Back.png
  artifactKey: Guid(da973bcda49f771409235bfe5c155ce0) Importer(815301076,1909f56bfc062723c751e8b465ee728b)
Start importing Assets/Materials/Skyboxes/Skyboxes/CloudyCrown_03_Midnight/Textures/CloudyCrown_Midnight_Back.png using Guid(da973bcda49f771409235bfe5c155ce0) Importer(815301076,1909f56bfc062723c751e8b465ee728b)  -> (artifact id: '16cde828e0a26ff95a7e178648b4d2ba') in 0.364157 seconds 
========================================================================
Received Import Request.
  Time since last request: 382.714251 seconds.
  path: Assets/Materials/Skyboxes/Skyboxes/CloudyCrown_05_Daybreak/Textures/CloudyCrown_Daybreak_Back.png
  artifactKey: Guid(ab78a862493ed7f42a9d16bc994e6697) Importer(815301076,1909f56bfc062723c751e8b465ee728b)
Start importing Assets/Materials/Skyboxes/Skyboxes/CloudyCrown_05_Daybreak/Textures/CloudyCrown_Daybreak_Back.png using Guid(ab78a862493ed7f42a9d16bc994e6697) Importer(815301076,1909f56bfc062723c751e8b465ee728b)  -> (artifact id: '9eb09801eff405eacfab1d6e3b0a934c') in 0.234079 seconds 
========================================================================
Received Import Request.
  Time since last request: 494.538300 seconds.
  path: Assets/Scenes/Level02.unity
  artifactKey: Guid(da79873986850714fad723203c104596) Importer(815301076,1909f56bfc062723c751e8b465ee728b)
Start importing Assets/Scenes/Level02.unity using Guid(da79873986850714fad723203c104596) Importer(815301076,1909f56bfc062723c751e8b465ee728b)  -> (artifact id: '8b2994a965350241248773d21aee6b0e') in 0.015256 seconds 
========================================================================
Received Import Request.
  Time since last request: 8.813774 seconds.
  path: Assets/Scenes/Level03.unity
  artifactKey: Guid(b35e73dfcb471ac438e7962898cafc59) Importer(815301076,1909f56bfc062723c751e8b465ee728b)
Start importing Assets/Scenes/Level03.unity using Guid(b35e73dfcb471ac438e7962898cafc59) Importer(815301076,1909f56bfc062723c751e8b465ee728b)  -> (artifact id: 'ed04f0416b6b37e8824e775f68d9776a') in 0.005737 seconds 
========================================================================
Received Prepare
Registering precompiled user dll's ...
Registered in 0.011673 seconds.
Begin MonoManager ReloadAssembly
Symbol file LoadedFromMemory doesn't match image C:\Users\Tati Fernandez\OneDrive\Documents\GitHub\holbertonschool-unity\0x06-unity-assets_ui\Library\PackageCache\com.unity.visualscripting@1.7.8\Editor\VisualScripting.Core\Dependencies\YamlDotNet\Unity.VisualScripting.YamlDotNet.dll
Symbol file LoadedFromMemory doesn't match image C:\Users\Tati Fernandez\OneDrive\Documents\GitHub\holbertonschool-unity\0x06-unity-assets_ui\Library\PackageCache\com.unity.visualscripting@1.7.8\Editor\VisualScripting.Core\Dependencies\DotNetZip\Unity.VisualScripting.IonicZip.dll
Native extension for LinuxStandalone target not found
Native extension for WindowsStandalone target not found
Native extension for OSXStandalone target not found
Native extension for WebGL target not found
Refreshing native plugins compatible for Editor in 0.89 ms, found 3 plugins.
Preloading 0 native plugins for Editor in 0.00 ms.
Mono: successfully reloaded assembly
- Completed reload, in  2.394 seconds
Domain Reload Profiling:
	ReloadAssembly (2400ms)
		BeginReloadAssembly (1219ms)
			ExecutionOrderSort (0ms)
			DisableScriptedObjects (60ms)
			BackupInstance (0ms)
			ReleaseScriptingObjects (0ms)
			CreateAndSetChildDomain (689ms)
		EndReloadAssembly (1043ms)
			LoadAssemblies (198ms)
			RebuildTransferFunctionScriptingTraits (0ms)
			SetupTypeCache (422ms)
			ReleaseScriptCaches (2ms)
			RebuildScriptCaches (53ms)
			SetupLoadedEditorAssemblies (392ms)
				LogAssemblyErrors (0ms)
				InitializePlatformSupportModulesInManaged (32ms)
				SetLoadedEditorAssemblies (2ms)
				RefreshPlugins (1ms)
				BeforeProcessingInitializeOnLoad (83ms)
				ProcessInitializeOnLoadAttributes (228ms)
				ProcessInitializeOnLoadMethodAttributes (36ms)
				AfterProcessingInitializeOnLoad (10ms)
				EditorAssembliesLoaded (0ms)
			ExecutionOrderSort2 (0ms)
			AwakeInstancesAfterBackupRestoration (13ms)
Platform modules already initialized, skipping
Refreshing native plugins compatible for Editor in 2.95 ms, found 3 plugins.
Preloading 0 native plugins for Editor in 0.00 ms.
Unloading 3373 Unused Serialized files (Serialized files now loaded: 0)
Unloading 20 unused Assets / (79.9 KB). Loaded Objects now: 3845.
Memory consumption went from 117.9 MB to 117.8 MB.
Total: 7.994600 ms (FindLiveObjects: 0.294000 ms CreateObjectMapping: 0.258900 ms MarkObjects: 7.171200 ms  DeleteObjects: 0.269000 ms)

AssetImportParameters requested are different than current active one (requested -> active):
  custom:video-decoder-ogg-theora: a1e56fd34408186e4bbccfd4996cb3dc -> 
  custom:container-muxer-webm: aa71ff27fc2769a1b78a27578f13a17b -> 
  custom:container-demuxer-webm: 4f35f7cbe854078d1ac9338744f61a02 -> 
  custom:video-encoder-webm-vp8: eb34c28f22e8b96e1ab97ce403110664 -> 
  custom:audio-encoder-webm-vorbis: bf7c407c2cedff20999df2af8eb42d56 -> 
  custom:framework-win-MediaFoundation: 216162199b28c13a410421893ffa2e32 -> 
  custom:container-demuxer-ogg: 62fdf1f143b41e24485cea50d1cbac27 -> 
  custom:video-decoder-webm-vp8: 9c59270c3fd7afecdb556c50c9e8de78 -> 
  custom:audio-decoder-ogg-vorbis: bf7c407c2cedff20999df2af8eb42d56 -> 
========================================================================
Received Prepare
Registering precompiled user dll's ...
Registered in 0.006579 seconds.
Begin MonoManager ReloadAssembly
Symbol file LoadedFromMemory doesn't match image C:\Users\Tati Fernandez\OneDrive\Documents\GitHub\holbertonschool-unity\0x06-unity-assets_ui\Library\PackageCache\com.unity.visualscripting@1.7.8\Editor\VisualScripting.Core\Dependencies\YamlDotNet\Unity.VisualScripting.YamlDotNet.dll
Symbol file LoadedFromMemory doesn't match image C:\Users\Tati Fernandez\OneDrive\Documents\GitHub\holbertonschool-unity\0x06-unity-assets_ui\Library\PackageCache\com.unity.visualscripting@1.7.8\Editor\VisualScripting.Core\Dependencies\DotNetZip\Unity.VisualScripting.IonicZip.dll
Native extension for LinuxStandalone target not found
Native extension for WindowsStandalone target not found
Native extension for OSXStandalone target not found
Native extension for WebGL target not found
Refreshing native plugins compatible for Editor in 0.76 ms, found 3 plugins.
Preloading 0 native plugins for Editor in 0.00 ms.
Mono: successfully reloaded assembly
- Completed reload, in  1.214 seconds
Domain Reload Profiling:
	ReloadAssembly (1215ms)
		BeginReloadAssembly (191ms)
			ExecutionOrderSort (0ms)
			DisableScriptedObjects (7ms)
			BackupInstance (0ms)
			ReleaseScriptingObjects (0ms)
			CreateAndSetChildDomain (47ms)
		EndReloadAssembly (922ms)
			LoadAssemblies (171ms)
			RebuildTransferFunctionScriptingTraits (0ms)
			SetupTypeCache (319ms)
			ReleaseScriptCaches (2ms)
			RebuildScriptCaches (53ms)
			SetupLoadedEditorAssemblies (367ms)
				LogAssemblyErrors (0ms)
				InitializePlatformSupportModulesInManaged (31ms)
				SetLoadedEditorAssemblies (0ms)
				RefreshPlugins (1ms)
				BeforeProcessingInitializeOnLoad (72ms)
				ProcessInitializeOnLoadAttributes (226ms)
				ProcessInitializeOnLoadMethodAttributes (30ms)
				AfterProcessingInitializeOnLoad (6ms)
				EditorAssembliesLoaded (0ms)
			ExecutionOrderSort2 (0ms)
			AwakeInstancesAfterBackupRestoration (8ms)
Platform modules already initialized, skipping
Refreshing native plugins compatible for Editor in 2.12 ms, found 3 plugins.
Preloading 0 native plugins for Editor in 0.00 ms.
Unloading 3373 Unused Serialized files (Serialized files now loaded: 0)
Unloading 20 unused Assets / (79.9 KB). Loaded Objects now: 3848.
Memory consumption went from 117.9 MB to 117.8 MB.
Total: 3.458600 ms (FindLiveObjects: 0.377000 ms CreateObjectMapping: 0.144100 ms MarkObjects: 2.845400 ms  DeleteObjects: 0.090700 ms)

AssetImportParameters requested are different than current active one (requested -> active):
  custom:video-decoder-ogg-theora: a1e56fd34408186e4bbccfd4996cb3dc -> 
  custom:container-muxer-webm: aa71ff27fc2769a1b78a27578f13a17b -> 
  custom:container-demuxer-webm: 4f35f7cbe854078d1ac9338744f61a02 -> 
  custom:video-encoder-webm-vp8: eb34c28f22e8b96e1ab97ce403110664 -> 
  custom:audio-encoder-webm-vorbis: bf7c407c2cedff20999df2af8eb42d56 -> 
  custom:framework-win-MediaFoundation: 216162199b28c13a410421893ffa2e32 -> 
  custom:container-demuxer-ogg: 62fdf1f143b41e24485cea50d1cbac27 -> 
  custom:video-decoder-webm-vp8: 9c59270c3fd7afecdb556c50c9e8de78 -> 
  custom:audio-decoder-ogg-vorbis: bf7c407c2cedff20999df2af8eb42d56 -> 
========================================================================
Received Import Request.
  Time since last request: 396.628447 seconds.
  path: Assets/Fonts
  artifactKey: Guid(83e996b0679e69b498affcddc7a25d82) Importer(815301076,1909f56bfc062723c751e8b465ee728b)
Start importing Assets/Fonts using Guid(83e996b0679e69b498affcddc7a25d82) Importer(815301076,1909f56bfc062723c751e8b465ee728b)  -> (artifact id: 'd9779dc239e38e6a30de4fa9a30f6058') in 0.817225 seconds 
========================================================================
Received Import Request.
  Time since last request: 21.720596 seconds.
  path: Assets/Fonts/Changa
  artifactKey: Guid(c7747168e8bada046a78790c7af7a39b) Importer(815301076,1909f56bfc062723c751e8b465ee728b)
Start importing Assets/Fonts/Changa using Guid(c7747168e8bada046a78790c7af7a39b) Importer(815301076,1909f56bfc062723c751e8b465ee728b)  -> (artifact id: 'd524ba2e7f2905c622ce314daa7458ed') in 0.022775 seconds 
========================================================================
Received Import Request.
  Time since last request: 43.183051 seconds.
  path: Assets/Textures/UI
  artifactKey: Guid(645646031de43d1449123348960583db) Importer(815301076,1909f56bfc062723c751e8b465ee728b)
Start importing Assets/Textures/UI using Guid(645646031de43d1449123348960583db) Importer(815301076,1909f56bfc062723c751e8b465ee728b)  -> (artifact id: '5138b778ec287cdfc4d15cd907f88e54') in 0.013830 seconds 
========================================================================
Received Import Request.
  Time since last request: 39.051142 seconds.
  path: Assets/Textures/UI/0x06-UI.zip
  artifactKey: Guid(b645d70a21ee4654f80c8f7460568e46) Importer(815301076,1909f56bfc062723c751e8b465ee728b)
Start importing Assets/Textures/UI/0x06-UI.zip using Guid(b645d70a21ee4654f80c8f7460568e46) Importer(815301076,1909f56bfc062723c751e8b465ee728b)  -> (artifact id: '831fe66cc300335807dcbe499752dc96') in 0.620738 seconds 
========================================================================
Received Import Request.
  Time since last request: 143.998531 seconds.
  path: Assets/Textures/UI/bg-button.png
  artifactKey: Guid(837602d45aebfed46b2f19f4c3c4035f) Importer(815301076,1909f56bfc062723c751e8b465ee728b)
Start importing Assets/Textures/UI/bg-button.png using Guid(837602d45aebfed46b2f19f4c3c4035f) Importer(815301076,1909f56bfc062723c751e8b465ee728b)  -> (artifact id: 'fe6bb9d1a4834fd68b8cb9e4652e57a8') in 1.087577 seconds 
========================================================================
Received Import Request.
  Time since last request: 0.000095 seconds.
  path: Assets/Textures/UI/button-level03.png
  artifactKey: Guid(0f39e52ad11583e4abda64cdd0fd0a05) Importer(815301076,1909f56bfc062723c751e8b465ee728b)
Start importing Assets/Textures/UI/button-level03.png using Guid(0f39e52ad11583e4abda64cdd0fd0a05) Importer(815301076,1909f56bfc062723c751e8b465ee728b)  -> (artifact id: 'f9eb16ac2d77b01bc16d924c3b84d837') in 0.046602 seconds 
========================================================================
Received Import Request.
  Time since last request: 0.000038 seconds.
  path: Assets/Textures/UI/slider-handle.png
  artifactKey: Guid(952687846e5744f4da5691a055109bfc) Importer(815301076,1909f56bfc062723c751e8b465ee728b)
Start importing Assets/Textures/UI/slider-handle.png using Guid(952687846e5744f4da5691a055109bfc) Importer(815301076,1909f56bfc062723c751e8b465ee728b)  -> (artifact id: 'b2b80fcbf08783f8e3d4afc086017807') in 0.025688 seconds 
========================================================================
Received Import Request.
  Time since last request: 0.000046 seconds.
  path: Assets/Textures/UI/bg-toggle.png
  artifactKey: Guid(c0d6fc60ff99d29499aed9d8861470f5) Importer(815301076,1909f56bfc062723c751e8b465ee728b)
Start importing Assets/Textures/UI/bg-toggle.png using Guid(c0d6fc60ff99d29499aed9d8861470f5) Importer(815301076,1909f56bfc062723c751e8b465ee728b)  -> (artifact id: 'c4ffdc31ec91edc51016eb8e0e8fc1d6') in 0.022050 seconds 
========================================================================
Received Import Request.
  Time since last request: 0.000029 seconds.
  path: Assets/Textures/UI/bg-menu.png
  artifactKey: Guid(c9a74d98ca0e54742b7f8145ba709120) Importer(815301076,1909f56bfc062723c751e8b465ee728b)
Start importing Assets/Textures/UI/bg-menu.png using Guid(c9a74d98ca0e54742b7f8145ba709120) Importer(815301076,1909f56bfc062723c751e8b465ee728b)  -> (artifact id: 'a0cddbc1d0f2a7b2533478da93eec6df') in 0.022048 seconds 
========================================================================
Received Import Request.
  Time since last request: 0.000110 seconds.
  path: Assets/Textures/UI/check-toggle.png
  artifactKey: Guid(01ff18d5fec96fa46987a37aadae8723) Importer(815301076,1909f56bfc062723c751e8b465ee728b)
Start importing Assets/Textures/UI/check-toggle.png using Guid(01ff18d5fec96fa46987a37aadae8723) Importer(815301076,1909f56bfc062723c751e8b465ee728b)  -> (artifact id: '706edbeff08c8f33916f396a48094c89') in 0.022323 seconds 
========================================================================
Received Import Request.
  Time since last request: 0.000033 seconds.
  path: Assets/Textures/UI/button-level01.png
  artifactKey: Guid(28dcf6b6431e2fc4fb68d4901ecaa897) Importer(815301076,1909f56bfc062723c751e8b465ee728b)
Start importing Assets/Textures/UI/button-level01.png using Guid(28dcf6b6431e2fc4fb68d4901ecaa897) Importer(815301076,1909f56bfc062723c751e8b465ee728b)  -> (artifact id: 'ecf72d89611a8f4e3e61eeda5c6456a0') in 0.024188 seconds 
========================================================================
Received Import Request.
  Time since last request: 0.000037 seconds.
  path: Assets/Textures/UI/sound-full.png
  artifactKey: Guid(5d85910a02f083f4b8595eb2490fa7f0) Importer(815301076,1909f56bfc062723c751e8b465ee728b)
Start importing Assets/Textures/UI/sound-full.png using Guid(5d85910a02f083f4b8595eb2490fa7f0) Importer(815301076,1909f56bfc062723c751e8b465ee728b)  -> (artifact id: 'b535cca6a2c2a48cf9ff0259bd54beb8') in 0.019096 seconds 
========================================================================
Received Import Request.
  Time since last request: 0.000036 seconds.
  path: Assets/Textures/UI/button-level02.png
  artifactKey: Guid(9687887da8aee0d4e9501e6953e8d002) Importer(815301076,1909f56bfc062723c751e8b465ee728b)
Start importing Assets/Textures/UI/button-level02.png using Guid(9687887da8aee0d4e9501e6953e8d002) Importer(815301076,1909f56bfc062723c751e8b465ee728b)  -> (artifact id: 'a94f7447c5e79e490e7ad3900ad47f2f') in 0.020268 seconds 
========================================================================
Received Import Request.
  Time since last request: 0.000027 seconds.
  path: Assets/Textures/UI/sound-mute.png
  artifactKey: Guid(c3e603b96d840814c927a6f986940741) Importer(815301076,1909f56bfc062723c751e8b465ee728b)
Start importing Assets/Textures/UI/sound-mute.png using Guid(c3e603b96d840814c927a6f986940741) Importer(815301076,1909f56bfc062723c751e8b465ee728b)  -> (artifact id: 'fdbd41f29fee30315c27e80276044d28') in 0.022505 seconds 
========================================================================
Received Import Request.
  Time since last request: 3.838623 seconds.
  path: Assets/Fonts/Changa/Changa-Bold.ttf
  artifactKey: Guid(d30e5f5561e14114ea80749d2b227376) Importer(815301076,1909f56bfc062723c751e8b465ee728b)
Start importing Assets/Fonts/Changa/Changa-Bold.ttf using Guid(d30e5f5561e14114ea80749d2b227376) Importer(815301076,1909f56bfc062723c751e8b465ee728b)  -> (artifact id: 'cc94cd81134aab04b24fae61842e1e9b') in 0.453931 seconds 
Editor requested this worker to shutdown with reason: Scaling down because of idle timeout
AssetImportWorker is now disconnected from the server
Process exiting
Exiting without the bug reporter. Application will terminate with return code 0